Day 07 - Part 1
- / (dir) (size=40913445)
 - jssbn (dir) (size=13136144)
  - lfrctthp (dir) (size=952823)
   - lfrctthp (dir) (size=25083)
    - gsb.flc(file, size=25083)
   - srf (dir) (size=559754)
    - rwvdvvsf (dir) (size=153197)
     - bqz(file, size=20009)
     - czdm(file, size=133188)
    - wvhhr (dir) (size=10445)
     - vrwdvnh.jhf(file, size=10445)
    - hcnjd.nsq(file, size=20386)
    - jjlz.mtq(file, size=143480)
    - sbmhf(file, size=88782)
    - wbs.vmh(file, size=143464)
   - vlfc(file, size=165285)
   - wbs.vmh(file, size=202701)
  - pjzpjjq (dir) (size=6986416)
   - dvlb (dir) (size=4614552)
    - bjfqsb (dir) (size=264579)
     - jgltcw (dir) (size=264579)
      - shmqqjf.fwd(file, size=264579)
    - fnwsmj (dir) (size=1004879)
     - lfrctthp (dir) (size=776008)
      - qdgqdtn (dir) (size=230357)
       - lbcgfp.vzq(file, size=230357)
      - sgddcfdn (dir) (size=346732)
       - lnjln (dir) (size=28970)
        - tdw(file, size=28970)
       - cwjbzd.npb(file, size=110212)
       - wlvdsjj(file, size=207550)
      - qhjbh.fbc(file, size=198919)
     - rddpmj (dir) (size=228871)
      - fhlnmw (dir) (size=228871)
       - mcgdrzg(file, size=228871)
    - wlhfvwl (dir) (size=205483)
     - rbwq (dir) (size=205483)
      - jdczdlwb(file, size=139444)
      - mnbq.sdq(file, size=66039)
    - wrgqqts (dir) (size=124869)
     - dvlb.cfl(file, size=124869)
    - zhj (dir) (size=2595692)
     - hww (dir) (size=881861)
      - pnsbrd (dir) (size=234873)
       - vsbvlr(file, size=179442)
       - zbhj.wnh(file, size=55431)
      - czhd.bdn(file, size=14681)
      - fgcfbrs.wqt(file, size=232222)
      - vsw.npv(file, size=155416)
      - wbs.vmh(file, size=199792)
      - znpdrr.rmd(file, size=44877)
     - nqv (dir) (size=1521468)
      - rjgbm (dir) (size=392780)
       - fgfh.tch(file, size=45885)
       - lfrctthp.fbc(file, size=42899)
       - nnmg.tvz(file, size=159401)
       - trzgtn.scg(file, size=144595)
      - tlhttrgs (dir) (size=270067)
       - cqtnvzn (dir) (size=49609)
        - czdm(file, size=49609)
       - wbs.vmh(file, size=220458)
      - hnz.czd(file, size=262693)
      - lptljbz(file, size=259429)
      - tlhttrgs.jlv(file, size=76496)
      - vsbvlr(file, size=260003)
     - lqn(file, size=192363)
    - gplzm(file, size=154127)
    - qcp.qvc(file, size=264923)
   - qlrn (dir) (size=1037314)
    - jwgd (dir) (size=57414)
     - lmlbtpg.wdp(file, size=57414)
    - wbgvqpc (dir) (size=368940)
     - dvlb (dir) (size=118388)
      - hhcp.jzd(file, size=118388)
     - qfhvjtv (dir) (size=246886)
      - mhbbpdpj (dir) (size=24686)
       - ghrbbh (dir) (size=24686)
        - tlhttrgs(file, size=24686)
      - lfrctthp(file, size=82966)
      - wbs.vmh(file, size=139234)
     - tpcwhmv (dir) (size=3666)
      - hhcp.jzd(file, size=3666)
    - bflnzt(file, size=150270)
    - bgq(file, size=203988)
    - sppmmj(file, size=256702)
   - vpltwcs (dir) (size=610752)
    - tlhttrgs (dir) (size=464007)
     - cchd (dir) (size=126044)
      - wmrv(file, size=126044)
     - cvbr.rmh(file, size=32682)
     - mpdpnb(file, size=209102)
     - wbs.vmh(file, size=96179)
    - vsbvlr(file, size=146745)
   - chgbd.zjf(file, size=14329)
   - pjc(file, size=212284)
   - rhzgmnb.nhd(file, size=225566)
   - sppmmj.dzz(file, size=145766)
   - wbs.vmh(file, size=125853)
  - rbtbtt (dir) (size=174943)
   - wqmvzg (dir) (size=5150)
    - lzbj (dir) (size=5150)
     - tnhdmqjh (dir) (size=5150)
      - lfrctthp(file, size=5150)
   - hzgdsb.tbs(file, size=169793)
  - tlhttrgs (dir) (size=4350313)
   - zjghthcb (dir) (size=4117669)
    - dvlb (dir) (size=237944)
     - dvlb.fhs(file, size=167639)
     - qnhgn.mgn(file, size=70305)
    - ghzsqrn (dir) (size=1390691)
     - fngzpjm (dir) (size=734184)
      - dvlb (dir) (size=502558)
       - bmvzg(file, size=59824)
       - lfrctthp(file, size=184952)
       - qwcttnh.pbs(file, size=51434)
       - wbs.vmh(file, size=206348)
      - ghzwdw (dir) (size=231626)
       - lfrctthp(file, size=132594)
       - tlhttrgs.cvp(file, size=99032)
     - mdqbvhrr (dir) (size=32598)
      - zsfv.qqv(file, size=32598)
     - sfhqmzhd (dir) (size=58893)
      - wpmbm(file, size=58893)
     - dbrtz.lrn(file, size=74556)
     - mrfjpgwj(file, size=220711)
     - tlhttrgs.thf(file, size=67424)
     - vsngvn.ttq(file, size=202325)
    - hvwjc (dir) (size=1546736)
     - nchvqtdq (dir) (size=49931)
      - gjwjq.jrc(file, size=49931)
     - wnj (dir) (size=651587)
      - dvlb (dir) (size=240264)
       - cwjbzd (dir) (size=240264)
        - tlhttrgs (dir) (size=240264)
         - vdp.wzt(file, size=240264)
      - ccpnsjm.cwc(file, size=182139)
      - hhcp.jzd(file, size=72806)
      - sppmmj(file, size=156378)
     - ccpnsjm.cwc(file, size=233454)
     - lfrctthp(file, size=72232)
     - ptrlpt.gdf(file, size=248368)
     - qgjv(file, size=222059)
     - wbs.vmh(file, size=69105)
    - lfrctthp (dir) (size=942298)
     - thgh (dir) (size=255855)
      - nrntbh (dir) (size=139964)
       - lfrctthp.brp(file, size=139964)
      - qlhbf (dir) (size=115891)
       - vsbvlr(file, size=115891)
     - zzffz (dir) (size=170513)
      - tlhttrgs.hsw(file, size=170513)
     - ccpnsjm.cwc(file, size=168164)
     - dcmfjn(file, size=68428)
     - dvlb(file, size=133121)
     - sppmmj.zjm(file, size=146217)
   - zmlpwlm (dir) (size=232644)
    - wvjrtvps.hrb(file, size=232644)
  - dvlb(file, size=89372)
  - sppmmj(file, size=203148)
  - sppmmj.bmm(file, size=130200)
  - vsbvlr(file, size=248929)
 - lfrctthp (dir) (size=16727590)
  - cwjbzd (dir) (size=2072073)
   - dfqpqqw (dir) (size=93069)
    - rjm (dir) (size=25830)
     - nnwdzf(file, size=25830)
    - dgssm.crl(file, size=67239)
   - lfrctthp (dir) (size=1126581)
    - fqswn (dir) (size=885238)
     - dhgghnm (dir) (size=238276)
      - sppmmj (dir) (size=201519)
       - dsss (dir) (size=201519)
        - vsbvlr(file, size=201519)
      - jbmlssv.ndp(file, size=36757)
     - vpbwj (dir) (size=570808)
      - tlhttrgs (dir) (size=145100)
       - cwjbzd.lqr(file, size=125785)
       - jdcm.mrz(file, size=19315)
      - ccpnsjm.cwc(file, size=154042)
      - vsbvlr(file, size=271666)
     - ccpnsjm.cwc(file, size=76154)
    - jllwj.wjc(file, size=241343)
   - sppmmj (dir) (size=161387)
    - sppmmj (dir) (size=161387)
     - fwh.wtt(file, size=161387)
   - ccpnsjm.cwc(file, size=172122)
   - lfrctthp.cms(file, size=123102)
   - lqhjcbms(file, size=73991)
   - mcnwp(file, size=207693)
   - tzrrgl(file, size=114128)
  - dvlb (dir) (size=3667539)
   - dnqvhtr (dir) (size=2423397)
    - jzm (dir) (size=239360)
     - smtpdcpf (dir) (size=95947)
      - lgzlj(file, size=95947)
     - sgsbj.qtr(file, size=143413)
    - phcfgqfs (dir) (size=257801)
     - hhcp.jzd(file, size=257801)
    - sppmmj (dir) (size=1823963)
     - hmcn (dir) (size=421449)
      - dvlb(file, size=206476)
      - lfrctthp(file, size=214973)
     - mrhsrrm (dir) (size=126589)
      - wbs.vmh(file, size=126589)
     - nlqmghj (dir) (size=113621)
      - mdqvh.flp(file, size=113621)
     - rqbtcvfw (dir) (size=259673)
      - wbs.vmh(file, size=259673)
     - ccpnsjm.cwc(file, size=230280)
     - hhcp.jzd(file, size=261954)
     - vsbvlr(file, size=70788)
     - wbs.vmh(file, size=114344)
     - wjnf.wrv(file, size=225265)
    - vhrst (dir) (size=102273)
     - sppmmj(file, size=102273)
   - jqpzj (dir) (size=7675)
    - vwls.wjz(file, size=7675)
   - jvvsgbl (dir) (size=966230)
    - fbvls (dir) (size=146823)
     - ccpnsjm.cwc(file, size=146823)
    - gtwrhhd (dir) (size=59762)
     - wbs.vmh(file, size=59762)
    - tlhttrgs (dir) (size=482386)
     - dvlb (dir) (size=62683)
      - trww(file, size=62683)
     - hjclnb (dir) (size=412610)
      - bcnlmstj.bsj(file, size=245444)
      - czdm(file, size=167166)
     - ccpnsjm.cwc(file, size=7093)
    - bgjgtfbv.wcf(file, size=217539)
    - wbs.vmh(file, size=59720)
   - tlhttrgs (dir) (size=270237)
    - czdm(file, size=53060)
    - hzwn(file, size=217177)
  - lwqdqm (dir) (size=420914)
   - bdgnmf (dir) (size=146880)
    - wbs.vmh(file, size=146880)
   - dvlb (dir) (size=184438)
    - vsbvlr(file, size=184438)
   - vsbvlr(file, size=89596)
  - mpb (dir) (size=241963)
   - dvlb (dir) (size=241963)
    - prqfqf (dir) (size=241963)
     - ltmjppj (dir) (size=241963)
      - bjgzsq.srr(file, size=241963)
  - ndn (dir) (size=1143821)
   - hfq (dir) (size=854533)
    - bsjgglbs (dir) (size=121761)
     - czdm(file, size=121761)
    - cwjbzd.sht(file, size=263904)
    - phpvlfw.jmm(file, size=265639)
    - wbs.vmh(file, size=178105)
    - wcq.qct(file, size=25124)
   - cnv.vtn(file, size=184702)
   - dvlb(file, size=52486)
   - hswnvlq.frd(file, size=52100)
  - rtpwjds (dir) (size=587125)
   - sdssvrst (dir) (size=114380)
    - ccpnsjm.cwc(file, size=114380)
   - qjvrwsfl(file, size=117111)
   - rwjf(file, size=132235)
   - wjfdgt.ldj(file, size=223399)
  - sqhvvsb (dir) (size=4160054)
   - ldmwm (dir) (size=3682351)
    - cwjbzd (dir) (size=2341591)
     - llcflrds (dir) (size=235724)
      - cngdgq (dir) (size=235724)
       - lqqcfphg(file, size=235724)
     - tlhttrgs (dir) (size=1605101)
      - cgf (dir) (size=77864)
       - dvlb (dir) (size=77864)
        - thff(file, size=77864)
      - cwjbzd (dir) (size=225586)
       - ccpnsjm.cwc(file, size=208459)
       - dtqglmf.zgb(file, size=17127)
      - jvs (dir) (size=142337)
       - cwjbzd(file, size=142337)
      - ppsmqwn (dir) (size=147277)
       - rmwh(file, size=147277)
      - qqmtj (dir) (size=153442)
       - vqld.lsd(file, size=153442)
      - qzmpwzvz (dir) (size=478036)
       - cwjbzd.gjl(file, size=223666)
       - gjc(file, size=254370)
      - zmsbqrqf (dir) (size=193665)
       - tjwclf.nzs(file, size=193665)
      - csb.hcw(file, size=67714)
      - lfrctthp.qgm(file, size=119180)
     - wtcttdzg (dir) (size=162986)
      - hhcp.jzd(file, size=52882)
      - hqwgl.mtb(file, size=110104)
     - cwjbzd.lff(file, size=147822)
     - hhcp.jzd(file, size=122632)
     - tvptb.fzl(file, size=67326)
    - jdsbt (dir) (size=676993)
     - ccpnsjm.cwc(file, size=77115)
     - dvlb(file, size=242705)
     - lfrctthp(file, size=12624)
     - sppmmj(file, size=145552)
     - vsbvlr(file, size=198997)
    - blcbqb.wpz(file, size=67855)
    - czdm(file, size=250365)
    - dvlb.mfq(file, size=249613)
    - tlhttrgs.wgw(file, size=95934)
   - gjhj(file, size=7812)
   - hhcp.jzd(file, size=239114)
   - vsbvlr(file, size=230777)
  - vzh (dir) (size=1552395)
   - ccbjg (dir) (size=861475)
    - mcvsbd (dir) (size=389642)
     - cwjbzd (dir) (size=224826)
      - ccpnsjm.cwc(file, size=224826)
     - rbsv (dir) (size=164816)
      - lfrctthp(file, size=164816)
    - sppmmj (dir) (size=471833)
     - ccpnsjm.cwc(file, size=85264)
     - dvlb.qgj(file, size=104511)
     - lfrctthp.zdn(file, size=183533)
     - wbs.vmh(file, size=98525)
   - czdm(file, size=91733)
   - dvlb(file, size=89195)
   - rvfpbl.rtq(file, size=212167)
   - tlhttrgs.djt(file, size=224909)
   - vpznzhs.dcd(file, size=72916)
  - zzvnq (dir) (size=2438764)
   - lznpqbrd (dir) (size=1022227)
    - dvlb (dir) (size=41223)
     - rwr.nbz(file, size=41223)
    - lfrctthp (dir) (size=563055)
     - sppmmj (dir) (size=246742)
      - ccpnsjm.cwc(file, size=246742)
     - fqc.fnl(file, size=26056)
     - lgjlw.vql(file, size=28191)
     - wbs.vmh(file, size=262066)
    - dpvcgj.wlw(file, size=157950)
    - dvlb.qvr(file, size=175412)
    - pmsjdj(file, size=84587)
   - pddfg (dir) (size=592572)
    - cwjbzd (dir) (size=197956)
     - jpzb.dcw(file, size=197956)
    - jbw (dir) (size=247206)
     - vsbvlr(file, size=247206)
    - vsbvlr(file, size=147410)
   - pvdz (dir) (size=438287)
    - jctpqbgw (dir) (size=190424)
     - qvm(file, size=190424)
    - qwcgjttm.lzm(file, size=153177)
    - vsbvlr(file, size=94686)
   - vnmhs (dir) (size=16118)
    - sdhmzhlg.blf(file, size=16118)
   - lfrctthp(file, size=107390)
   - prnjh.sgb(file, size=143496)
   - zhnh.mpl(file, size=118674)
  - fclf(file, size=65658)
  - hhcp.jzd(file, size=191985)
  - smp(file, size=185299)
 - ltwmz (dir) (size=243152)
  - bdmz(file, size=243152)
 - nmzntmcf (dir) (size=7735647)
  - jqcms (dir) (size=1565430)
   - cwjbzd (dir) (size=694106)
    - mwvlhzdn (dir) (size=272658)
     - dvlb.bbw(file, size=272658)
    - qrpllg (dir) (size=215810)
     - wbs.vmh(file, size=215810)
    - sppmmj.gcz(file, size=205638)
   - jzqbnpn (dir) (size=112583)
    - sppmmj(file, size=112583)
   - ssr (dir) (size=205621)
    - hpfpw.pvn(file, size=66781)
    - zhwplzd.wrq(file, size=138840)
   - ccpnsjm.cwc(file, size=105562)
   - chpr.zvl(file, size=257512)
   - tlhttrgs.thg(file, size=117496)
   - vsbvlr(file, size=72550)
  - lrtsts (dir) (size=1507522)
   - drtrdnsg (dir) (size=1267547)
    - gnc (dir) (size=385094)
     - ccpnsjm.cwc(file, size=127922)
     - lfrctthp(file, size=233097)
     - qtglzq(file, size=24075)
    - sppmmj (dir) (size=882453)
     - mdmh (dir) (size=142470)
      - zvtjfz (dir) (size=142470)
       - ptp.qbf(file, size=142470)
     - nbzh (dir) (size=368372)
      - ccpnsjm.cwc(file, size=7112)
      - chrtbjf.fwr(file, size=215395)
      - wld.pdl(file, size=145865)
     - wwhbgg (dir) (size=51752)
      - hhcp.jzd(file, size=51752)
     - czdm(file, size=128955)
     - jtjh.nzq(file, size=64809)
     - wbs.vmh(file, size=126095)
   - lfrctthp (dir) (size=198780)
    - hhcp.jzd(file, size=198780)
   - dvlb.fgt(file, size=41195)
  - lvchpdf (dir) (size=3387853)
   - njfmmj (dir) (size=666560)
    - bjsvdfrf (dir) (size=77668)
     - vsbvlr(file, size=77668)
    - gjgftj (dir) (size=300188)
     - mjbw (dir) (size=243595)
      - ccpnsjm.cwc(file, size=243595)
     - vsbvlr(file, size=56593)
    - sppmmj (dir) (size=262825)
     - qzvwhr (dir) (size=262825)
      - cwjbzd (dir) (size=262825)
       - wbs.vmh(file, size=262825)
    - twzprtcf.hgl(file, size=25879)
   - nsw (dir) (size=210254)
    - rgqpq(file, size=210254)
   - sppmmj (dir) (size=891151)
    - rdd (dir) (size=20045)
     - srmsmr(file, size=20045)
    - tlhttrgs (dir) (size=47256)
     - wbs.vmh(file, size=47256)
    - zbq (dir) (size=223951)
     - cwjbzd.vrm(file, size=223951)
    - cwjbzd.dtt(file, size=55463)
    - dvlb(file, size=196779)
    - hgb.qmj(file, size=125377)
    - tspz(file, size=222280)
   - tlhttrgs (dir) (size=1168381)
    - mjcmhg (dir) (size=214188)
     - llsfnv.dmc(file, size=214188)
    - tlhttrgs (dir) (size=434325)
     - qtws (dir) (size=102462)
      - vjlwzbsg.whn(file, size=102462)
     - sbhswjld (dir) (size=331863)
      - sppmmj (dir) (size=88100)
       - wbs.vmh(file, size=88100)
      - dvlb.bqj(file, size=159193)
      - hhcp.jzd(file, size=17424)
      - pdwrmgs.lzq(file, size=28945)
      - rpbllgs.rzn(file, size=38201)
    - jvndrcmd.ftl(file, size=56808)
    - prh.wtz(file, size=220385)
    - pzbtlg.fzv(file, size=231575)
    - sqfr.lzs(file, size=11100)
   - tvsvr (dir) (size=237626)
    - tlhttrgs.mhw(file, size=237626)
   - hhcp.jzd(file, size=108580)
   - jpjjhshl(file, size=105301)
  - qpzqp (dir) (size=787277)
   - ddclns (dir) (size=137784)
    - vprlq (dir) (size=137784)
     - ccpnsjm.cwc(file, size=137784)
   - lfrctthp(file, size=134373)
   - lstwpqbq.wln(file, size=167788)
   - qcplm(file, size=224743)
   - vzjj.bzm(file, size=14385)
   - wbs.vmh(file, size=108204)
  - qrgh (dir) (size=414392)
   - ccpnsjm.cwc(file, size=29875)
   - hhcp.jzd(file, size=225323)
   - tlhttrgs(file, size=135470)
   - vsbvlr(file, size=23724)
  - scwnmrds (dir) (size=73173)
   - sppmmj (dir) (size=73173)
    - sppmmj (dir) (size=73173)
     - blznf.smd(file, size=73173)
 - vhj (dir) (size=2244014)
  - jnm (dir) (size=1273556)
   - sppmmj (dir) (size=670228)
    - lfrctthp (dir) (size=370059)
     - lfrctthp(file, size=122902)
     - svmpmrl.tcc(file, size=247157)
    - ccpnsjm.cwc(file, size=101586)
    - vsbvlr(file, size=127582)
    - zvrzs(file, size=71001)
   - bfwm(file, size=66785)
   - dssh.rwn(file, size=196636)
   - tlhttrgs.jlh(file, size=140177)
   - vsbvlr(file, size=199730)
  - lfrctthp (dir) (size=188492)
   - cwjbzd.hbf(file, size=104555)
   - pldmc.hjd(file, size=56298)
   - sppmmj.nmr(file, size=27639)
  - tlhttrgs (dir) (size=252680)
   - zsjgqqb(file, size=252680)
  - cwjbzd.tvv(file, size=221377)
  - czdm(file, size=98748)
  - hhcp.jzd(file, size=108605)
  - lfrctthp.jfl(file, size=11518)
  - psnfcwpq.zcd(file, size=89038)
 - cmnwnpwb(file, size=150961)
 - hhcp.jzd(file, size=28669)
 - lfrctthp.tlv(file, size=133395)
 - wbs.vmh(file, size=256180)
 - zsntdzf(file, size=257693)
Size of small dirs is 1443806
[2022-12-09 23:29:08.798541] Time taken to execute 'solve_part_1' was 0.0015528202056884766 seconds
